c:\users\rasil\desktop\33 разработка калькулятора зиятдинов расиль ивт-19-2б\debug\calculator.loadform.resources
c:\users\rasil\desktop\33 разработка калькулятора зиятдинов расиль ивт-19-2б\debug\calculator.myform.resources
c:\users\rasil\desktop\33 разработка калькулятора зиятдинов расиль ивт-19-2б\debug\vc142.pdb
c:\users\rasil\desktop\33 разработка калькулятора зиятдинов расиль ивт-19-2б\debug\.netframework,version=v4.8.assemblyattributes.obj
c:\users\rasil\desktop\33 разработка калькулятора зиятдинов расиль ивт-19-2б\debug\solution.obj
c:\users\rasil\desktop\33 разработка калькулятора зиятдинов расиль ивт-19-2б\debug\myform.obj
c:\users\rasil\desktop\33 разработка калькулятора зиятдинов расиль ивт-19-2б\debug\loadform.obj
c:\users\rasil\desktop\33 разработка калькулятора зиятдинов расиль ивт-19-2б\debug\complex.obj
c:\users\rasil\desktop\33 разработка калькулятора зиятдинов расиль ивт-19-2б\debug\calculator.exe
c:\users\rasil\desktop\33 разработка калькулятора зиятдинов расиль ивт-19-2б\debug\calculator.pdb
c:\users\rasil\desktop\33 разработка калькулятора зиятдинов расиль ивт-19-2б\debug\calculator.exe.metagen
c:\users\rasil\desktop\33 разработка калькулятора зиятдинов расиль ивт-19-2б\debug\calculator.tlog\calculator.write.1u.tlog
c:\users\rasil\desktop\33 разработка калькулятора зиятдинов расиль ивт-19-2б\debug\calculator.tlog\cl.command.1.tlog
c:\users\rasil\desktop\33 разработка калькулятора зиятдинов расиль ивт-19-2б\debug\calculator.tlog\cl.read.1.tlog
c:\users\rasil\desktop\33 разработка калькулятора зиятдинов расиль ивт-19-2б\debug\calculator.tlog\cl.write.1.tlog
c:\users\rasil\desktop\33 разработка калькулятора зиятдинов расиль ивт-19-2б\debug\calculator.tlog\link.command.1.tlog
c:\users\rasil\desktop\33 разработка калькулятора зиятдинов расиль ивт-19-2б\debug\calculator.tlog\link.read.1.tlog
c:\users\rasil\desktop\33 разработка калькулятора зиятдинов расиль ивт-19-2б\debug\calculator.tlog\link.write.1.tlog
c:\users\rasil\desktop\33 разработка калькулятора зиятдинов расиль ивт-19-2б\debug\calculator.tlog\metagen.read.1.tlog
c:\users\rasil\desktop\33 разработка калькулятора зиятдинов расиль ивт-19-2б\debug\calculator.tlog\metagen.write.1.tlog
